#
# A fatal error has been detected by the Java Runtime Environment:
#
#  EXCEPTION_ACCESS_VIOLATION (0xc0000005) at pc=0x00007ffd15c793b8, pid=11916, tid=5900
#
# JRE version: Java(TM) SE Runtime Environment (17.0.12+8) (build 17.0.12+8-LTS-286)
# Java VM: Java HotSpot(TM) 64-Bit Server VM (17.0.12+8-LTS-286, mixed mode, sharing, tiered, compressed oops, compressed class ptrs, g1 gc, windows-amd64)
# Problematic frame:
# V  [jvm.dll+0x6593b8]
#
# No core dump will be written. Minidumps are not enabled by default on client versions of Windows
#
# If you would like to submit a bug report, please visit:
#   https://bugreport.java.com/bugreport/crash.jsp
#

---------------  S U M M A R Y ------------

Command Line: --add-opens=java.base/java.lang=ALL-UNNAMED --add-opens=java.base/java.lang.invoke=ALL-UNNAMED --add-opens=java.base/java.util=ALL-UNNAMED --add-opens=java.prefs/java.util.prefs=ALL-UNNAMED --add-exports=jdk.compiler/com.sun.tools.javac.api=ALL-UNNAMED --add-exports=jdk.compiler/com.sun.tools.javac.util=ALL-UNNAMED --add-opens=java.base/java.util=ALL-UNNAMED --add-opens=java.prefs/java.util.prefs=ALL-UNNAMED --add-opens=java.base/java.nio.charset=ALL-UNNAMED --add-opens=java.base/java.net=ALL-UNNAMED --add-opens=java.base/java.util.concurrent.atomic=ALL-UNNAMED --add-opens=java.xml/javax.xml.namespace=ALL-UNNAMED -XX:MaxMetaspaceSize=512m -Xmx2048m -Dfile.encoding=UTF-8 -Duser.country=US -Duser.language=en -Duser.variant -javaagent:C:\Users\Hamza tabani\.gradle\wrapper\dists\gradle-8.14.3-bin\cv11ve7ro1n3o1j4so8xd9n66\gradle-8.14.3\lib\agents\gradle-instrumentation-agent-8.14.3.jar org.gradle.launcher.daemon.bootstrap.GradleDaemon 8.14.3

Host: Intel(R) Core(TM) i7-4790 CPU @ 3.60GHz, 8 cores, 15G,  Windows 10 , 64 bit Build 19041 (10.0.19041.5915)
Time: Mon Sep 22 22:54:53 2025 Pakistan Standard Time elapsed time: 5.669727 seconds (0d 0h 0m 5s)

---------------  T H R E A D  ---------------

Current thread (0x00000251b4dd7c90):  JavaThread "C2 CompilerThread2" daemon [_thread_in_native, id=5900, stack(0x0000005c50700000,0x0000005c50800000)]


Current CompileTask:
C2:   5669 2959       4       java.util.WeakHashMap::put (160 bytes)

Stack: [0x0000005c50700000,0x0000005c50800000],  sp=0x0000005c507fb330,  free space=1004k
Native frames: (J=compiled Java code, j=interpreted, Vv=VM code, C=native code)
V  [jvm.dll+0x6593b8]
V  [jvm.dll+0x1b7b4f]
V  [jvm.dll+0x1b5517]
V  [jvm.dll+0x6a124d]
V  [jvm.dll+0x69fd2a]
V  [jvm.dll+0x217822]
V  [jvm.dll+0x215b65]
V  [jvm.dll+0x1a2960]
V  [jvm.dll+0x22610b]
V  [jvm.dll+0x2242ab]
V  [jvm.dll+0x79075c]
V  [jvm.dll+0x78abea]
V  [jvm.dll+0x678f35]
C  [ucrtbase.dll+0x21bb2]
C  [KERNEL32.DLL+0x17374]
C  [ntdll.dll+0x4cc91]


siginfo: EXCEPTION_ACCESS_VIOLATION (0xc0000005), reading address 0xffffffffffffffff


Registers:
RAX=0x4c20ec8348572024, RBX=0x00007ffd15c68330, RCX=0x00007ffd15c68330, RDX=0x0000000000000008
RSP=0x0000005c507fb330, RBP=0x0000005c507fb3b9, RSI=0x0000000000000021, RDI=0x0000000000000007
R8 =0x0000000000000800, R9 =0x00000251db960050, R10=0x00007ffd43c20000, R11=0x0000000000000000
R12=0x00000251b4efcf30, R13=0x00000000b36eb130, R14=0x00000251b4fc6210, R15=0x0000000000000108
RIP=0x00007ffd15c793b8, EFLAGS=0x0000000000010246


Register to memory mapping:

RIP=0x00007ffd15c793b8 jvm.dll
RAX=0x4c20ec8348572024 is an unknown value
RBX=0x00007ffd15c68330 jvm.dll
RCX=0x00007ffd15c68330 jvm.dll
RDX=0x0000000000000008 is an unknown value
RSP=0x0000005c507fb330 is pointing into the stack for thread: 0x00000251b4dd7c90
RBP=0x0000005c507fb3b9 is pointing into the stack for thread: 0x00000251b4dd7c90
RSI=0x0000000000000021 is an unknown value
RDI=0x0000000000000007 is an unknown value
R8 =0x0000000000000800 is an unknown value
R9 =0x00000251db960050 points into unknown readable memory: 0x0000000000000000 | 00 00 00 00 00 00 00 00
R10=0x00007ffd43c20000 VCRUNTIME140.dll
R11=0x0 is NULL
R12=0x00000251b4efcf30 points into unknown readable memory: 0x00000251ff014118 | 18 41 01 ff 51 02 00 00
R13=0x00000000b36eb130 is an unallocated location in the heap
R14=0x00000251b4fc6210 points into unknown readable memory: 0x00007ffd15edd010 | 10 d0 ed 15 fd 7f 00 00
R15=0x0000000000000108 is an unknown value


Top of Stack: (sp=0x0000005c507fb330)
0x0000005c507fb330:   0000000000000020 0000005c507fb3b8
0x0000005c507fb340:   0000025100000000 00000251b4fc6210
0x0000005c507fb350:   00000000045a4684 00007ffd157d7b4f
0x0000005c507fb360:   00007ffd15c67bd0 0000000000000002
0x0000005c507fb370:   00000251b4fc6198 0000005c507fb760
0x0000005c507fb380:   0000000000010388 00000251b5073290
0x0000005c507fb390:   00000251b507a228 00000251b5f57580
0x0000005c507fb3a0:   0000025100000010 00000251b5073340
0x0000005c507fb3b0:   0000000000000008 00007ffd08000000
0x0000005c507fb3c0:   00000251cb960050 0000025108000000
0x0000005c507fb3d0:   00000251b5f57580 00000251b4fc31f0
0x0000005c507fb3e0:   00000251b4fc31f0 00000251b4fc63a0
0x0000005c507fb3f0:   0000005c507fb760 00000251b4fc6198
0x0000005c507fb400:   00000251fed02a50 00000251b4fc63b0
0x0000005c507fb410:   0000005c507fb4d9 00007ffd157d5517
0x0000005c507fb420:   00000251b4fc6210 00000251b4fc6210 

Instructions: (pc=0x00007ffd15c793b8)
0x00007ffd15c792b8:   0f 1f 84 00 00 00 00 00 49 8b 01 4d 8d 49 f8 49
0x00007ffd15c792c8:   89 02 4d 8d 52 f8 49 83 e8 01 75 ec 48 8b 07 48
0x00007ffd15c792d8:   89 34 e8 48 85 f6 74 0b 48 8b d3 48 8b ce e8 d5
0x00007ffd15c792e8:   fd a1 ff 48 8b 5c 24 30 48 8b 6c 24 38 48 8b 74
0x00007ffd15c792f8:   24 40 48 83 c4 20 5f c3 48 89 5c 24 08 48 89 74
0x00007ffd15c79308:   24 10 57 48 83 ec 20 48 8b 41 10 49 8b f8 8b f2
0x00007ffd15c79318:   48 8b d9 8b 51 08 44 8d 4a ff 4a 83 3c c8 00 74
0x00007ffd15c79328:   05 e8 c2 fa ff ff 8b 43 08 44 8d 56 01 4c 8b 43
0x00007ffd15c79338:   10 4c 8d 4e ff 2b c6 49 ff ca ff c8 4c 03 c8 4c
0x00007ffd15c79348:   03 d0 4f 8d 0c c8 4f 8d 14 d0 48 85 c0 74 35 66
0x00007ffd15c79358:   0f 1f 84 00 00 00 00 00 49 8b 09 4d 8d 49 f8 49
0x00007ffd15c79368:   89 0a 4d 8d 52 f8 48 83 e8 01 75 ec 48 8b 43 10
0x00007ffd15c79378:   48 89 3c f0 48 8b 5c 24 30 48 8b 74 24 38 48 83
0x00007ffd15c79388:   c4 20 5f c3 48 8b 5c 24 30 49 89 3c f0 48 8b 74
0x00007ffd15c79398:   24 38 48 83 c4 20 5f c3 48 83 ec 28 8b 51 2c 83
0x00007ffd15c793a8:   e2 0f 83 fa 0c 74 45 83 fa 08 75 0a 48 8b 41 08
0x00007ffd15c793b8:   48 83 38 00 74 36 f6 41 30 50 74 29 83 fa 08 75
0x00007ffd15c793c8:   2b 48 8b 41 08 48 8b 08 8b 51 2c 8b c2 83 e0 3f
0x00007ffd15c793d8:   3c 27 74 11 83 e2 1f 80 fa 1f 75 10 e8 c7 da b4
0x00007ffd15c793e8:   ff 84 c0 74 07 32 c0 48 83 c4 28 c3 b0 01 48 83
0x00007ffd15c793f8:   c4 28 c3 cc cc cc cc cc 40 53 48 83 ec 20 48 8b
0x00007ffd15c79408:   01 48 8b d9 ff 50 68 85 c0 74 59 44 8b 53 18 41
0x00007ffd15c79418:   b8 01 00 00 00 45 3b d0 76 4a 4c 8b 5b 08 66 66
0x00007ffd15c79428:   0f 1f 84 00 00 00 00 00 41 8b c0 49 8b 0c c3 48
0x00007ffd15c79438:   85 c9 74 28 8b 41 2c 83 e0 0f 3c 0c 75 1e 8b 51
0x00007ffd15c79448:   18 b8 01 00 00 00 3b d0 76 12 4c 8b 49 08 8b c8
0x00007ffd15c79458:   49 39 1c c9 74 16 ff c0 3b c2 72 f2 41 ff c0 45
0x00007ffd15c79468:   3b c2 72 c4 32 c0 48 83 c4 20 5b c3 b0 01 48 83
0x00007ffd15c79478:   c4 20 5b c3 cc cc cc cc 83 79 20 00 74 2b 44 8b
0x00007ffd15c79488:   41 28 48 8b 52 50 48 8b 05 d3 5d 4e 00 4a 39 04
0x00007ffd15c79498:   c2 74 16 48 8b 41 08 48 8b 08 48 85 c9 74 07 48
0x00007ffd15c794a8:   83 79 10 00 74 03 32 c0 c3 b0 01 c3 cc cc cc cc 


Stack slot to memory mapping:
stack at sp + 0 slots: 0x0000000000000020 is an unknown value
stack at sp + 1 slots: 0x0000005c507fb3b8 is pointing into the stack for thread: 0x00000251b4dd7c90
stack at sp + 2 slots: 0x0000025100000000 is an unknown value
stack at sp + 3 slots: 0x00000251b4fc6210 points into unknown readable memory: 0x00007ffd15edd010 | 10 d0 ed 15 fd 7f 00 00
stack at sp + 4 slots: 0x00000000045a4684 is an unknown value
stack at sp + 5 slots: 0x00007ffd157d7b4f jvm.dll
stack at sp + 6 slots: 0x00007ffd15c67bd0 jvm.dll
stack at sp + 7 slots: 0x0000000000000002 is an unknown value


---------------  P R O C E S S  ---------------

Threads class SMR info:
_java_thread_list=0x00000251b33be590, length=34, elements={
0x00000251f3918f30, 0x00000251feb4eb50, 0x00000251feb4f8e0, 0x00000251feb65950,
0x00000251feb68330, 0x00000251feb68c00, 0x00000251feb694d0, 0x00000251feb6a0d0,
0x00000251feb6c240, 0x00000251feb6eb60, 0x00000251feb38490, 0x00000251fee862c0,
0x00000251fef09f80, 0x00000251b2b970b0, 0x00000251b20d8f10, 0x00000251b20efc40,
0x00000251b2fc5030, 0x00000251b2fc5510, 0x00000251b3307b20, 0x00000251b3307610,
0x00000251b3307100, 0x00000251b3308030, 0x00000251b330a8b0, 0x00000251b3308540,
0x00000251b3309980, 0x00000251b3309e90, 0x00000251b4dd7c90, 0x00000251b3308f60,
0x00000251b3309470, 0x00000251b330a3a0, 0x00000251b582dd20, 0x00000251b582b4a0,
0x00000251b582c8e0, 0x00000251b582bec0
}

Java Threads: ( => current thread )
  0x00000251f3918f30 JavaThread "main" [_thread_blocked, id=8648, stack(0x0000005c4de00000,0x0000005c4df00000)]
  0x00000251feb4eb50 JavaThread "Reference Handler" daemon [_thread_blocked, id=11708, stack(0x0000005c4e600000,0x0000005c4e700000)]
  0x00000251feb4f8e0 JavaThread "Finalizer" daemon [_thread_blocked, id=15104, stack(0x0000005c4e700000,0x0000005c4e800000)]
  0x00000251feb65950 JavaThread "Signal Dispatcher" daemon [_thread_blocked, id=15132, stack(0x0000005c4e800000,0x0000005c4e900000)]
  0x00000251feb68330 JavaThread "Attach Listener" daemon [_thread_blocked, id=13224, stack(0x0000005c4e900000,0x0000005c4ea00000)]
  0x00000251feb68c00 JavaThread "Service Thread" daemon [_thread_blocked, id=8376, stack(0x0000005c4ea00000,0x0000005c4eb00000)]
  0x00000251feb694d0 JavaThread "Monitor Deflation Thread" daemon [_thread_blocked, id=13432, stack(0x0000005c4eb00000,0x0000005c4ec00000)]
  0x00000251feb6a0d0 JavaThread "C2 CompilerThread0" daemon [_thread_in_native, id=16100, stack(0x0000005c4ec00000,0x0000005c4ed00000)]
  0x00000251feb6c240 JavaThread "C1 CompilerThread0" daemon [_thread_blocked, id=7292, stack(0x0000005c4ed00000,0x0000005c4ee00000)]
  0x00000251feb6eb60 JavaThread "Sweeper thread" daemon [_thread_blocked, id=2636, stack(0x0000005c4ee00000,0x0000005c4ef00000)]
  0x00000251feb38490 JavaThread "Common-Cleaner" daemon [_thread_blocked, id=16608, stack(0x0000005c4ef00000,0x0000005c4f000000)]
  0x00000251fee862c0 JavaThread "Notification Thread" daemon [_thread_blocked, id=9048, stack(0x0000005c4f000000,0x0000005c4f100000)]
  0x00000251fef09f80 JavaThread "C2 CompilerThread1" daemon [_thread_in_native, id=14928, stack(0x0000005c4f200000,0x0000005c4f300000)]
  0x00000251b2b970b0 JavaThread "Daemon health stats" [_thread_blocked, id=6228, stack(0x0000005c4f300000,0x0000005c4f400000)]
  0x00000251b20d8f10 JavaThread "Incoming local TCP Connector on port 61454" [_thread_in_native, id=12932, stack(0x0000005c4fb00000,0x0000005c4fc00000)]
  0x00000251b20efc40 JavaThread "Daemon periodic checks" [_thread_blocked, id=5352, stack(0x0000005c4fc00000,0x0000005c4fd00000)]
  0x00000251b2fc5030 JavaThread "Daemon" [_thread_blocked, id=5156, stack(0x0000005c4fd00000,0x0000005c4fe00000)]
  0x00000251b2fc5510 JavaThread "Handler for socket connection from /127.0.0.1:61454 to /127.0.0.1:61455" [_thread_in_native, id=5448, stack(0x0000005c4fe00000,0x0000005c4ff00000)]
  0x00000251b3307b20 JavaThread "Cancel handler" [_thread_blocked, id=4732, stack(0x0000005c4ff00000,0x0000005c50000000)]
  0x00000251b3307610 JavaThread "Daemon worker" [_thread_in_Java, id=5512, stack(0x0000005c50000000,0x0000005c50100000)]
  0x00000251b3307100 JavaThread "Asynchronous log dispatcher for DefaultDaemonConnection: socket connection from /127.0.0.1:61454 to /127.0.0.1:61455" [_thread_blocked, id=7472, stack(0x0000005c50100000,0x0000005c50200000)]
  0x00000251b3308030 JavaThread "Stdin handler" [_thread_blocked, id=6800, stack(0x0000005c50200000,0x0000005c50300000)]
  0x00000251b330a8b0 JavaThread "Daemon client event forwarder" [_thread_blocked, id=17612, stack(0x0000005c50300000,0x0000005c50400000)]
  0x00000251b3308540 JavaThread "Cache worker for journal cache (C:\Users\Hamza tabani\.gradle\caches\journal-1)" [_thread_blocked, id=6888, stack(0x0000005c50400000,0x0000005c50500000)]
  0x00000251b3309980 JavaThread "File lock request listener" [_thread_in_native, id=4868, stack(0x0000005c50500000,0x0000005c50600000)]
  0x00000251b3309e90 JavaThread "Cache worker for file hash cache (C:\Users\Hamza tabani\.gradle\caches\8.14.3\fileHashes)" [_thread_blocked, id=19004, stack(0x0000005c50600000,0x0000005c50700000)]
=>0x00000251b4dd7c90 JavaThread "C2 CompilerThread2" daemon [_thread_in_native, id=5900, stack(0x0000005c50700000,0x0000005c50800000)]
  0x00000251b3308f60 JavaThread "Cache worker for file hash cache (D:\ItFitsApp\android\.gradle\8.14.3\fileHashes)" [_thread_blocked, id=4240, stack(0x0000005c50800000,0x0000005c50900000)]
  0x00000251b3309470 JavaThread "Cache worker for Build Output Cleanup Cache (D:\ItFitsApp\android\.gradle\buildOutputCleanup)" [_thread_blocked, id=19000, stack(0x0000005c50900000,0x0000005c50a00000)]
  0x00000251b330a3a0 JavaThread "File watcher server" daemon [_thread_in_native, id=2956, stack(0x0000005c50b00000,0x0000005c50c00000)]
  0x00000251b582dd20 JavaThread "File watcher consumer" daemon [_thread_blocked, id=20140, stack(0x0000005c50c00000,0x0000005c50d00000)]
  0x00000251b582b4a0 JavaThread "jar transforms" [_thread_blocked, id=1980, stack(0x0000005c50d00000,0x0000005c50e00000)]
  0x00000251b582c8e0 JavaThread "jar transforms Thread 2" [_thread_blocked, id=3432, stack(0x0000005c50e00000,0x0000005c50f00000)]
  0x00000251b582bec0 JavaThread "jar transforms Thread 3" [_thread_blocked, id=15560, stack(0x0000005c50f00000,0x0000005c51000000)]

Other Threads:
  0x00000251feb49fe0 VMThread "VM Thread" [stack: 0x0000005c4e500000,0x0000005c4e600000] [id=13016]
  0x00000251fee46fd0 WatcherThread [stack: 0x0000005c4f100000,0x0000005c4f200000] [id=7196]
  0x00000251f3974540 GCTaskThread "GC Thread#0" [stack: 0x0000005c4e000000,0x0000005c4e100000] [id=18208]
  0x00000251ff3dbd40 GCTaskThread "GC Thread#1" [stack: 0x0000005c4f400000,0x0000005c4f500000] [id=2044]
  0x00000251ff2163d0 GCTaskThread "GC Thread#2" [stack: 0x0000005c4f500000,0x0000005c4f600000] [id=18336]
  0x00000251fef09b70 GCTaskThread "GC Thread#3" [stack: 0x0000005c4f600000,0x0000005c4f700000] [id=3576]
  0x00000251ff075db0 GCTaskThread "GC Thread#4" [stack: 0x0000005c4f700000,0x0000005c4f800000] [id=18776]
  0x00000251ff24ea70 GCTaskThread "GC Thread#5" [stack: 0x0000005c4f800000,0x0000005c4f900000] [id=15072]
  0x00000251ff24e7b0 GCTaskThread "GC Thread#6" [stack: 0x0000005c4f900000,0x0000005c4fa00000] [id=19776]
  0x00000251ff24f570 GCTaskThread "GC Thread#7" [stack: 0x0000005c4fa00000,0x0000005c4fb00000] [id=5664]
  0x00000251f39863b0 ConcurrentGCThread "G1 Main Marker" [stack: 0x0000005c4e100000,0x0000005c4e200000] [id=14808]
  0x00000251f3986cd0 ConcurrentGCThread "G1 Conc#0" [stack: 0x0000005c4e200000,0x0000005c4e300000] [id=19728]
  0x00000251ff24faf0 ConcurrentGCThread "G1 Conc#1" [stack: 0x0000005c50a00000,0x0000005c50b00000] [id=1620]
  0x00000251f39edbd0 ConcurrentGCThread "G1 Refine#0" [stack: 0x0000005c4e300000,0x0000005c4e400000] [id=14044]
  0x00000251f39ee510 ConcurrentGCThread "G1 Service" [stack: 0x0000005c4e400000,0x0000005c4e500000] [id=2356]

Threads with active compile tasks:
C2 CompilerThread0     5746 3037       4       java.lang.invoke.MethodType::makeImpl (109 bytes)
C2 CompilerThread1     5746 3072   !   4       java.lang.String::<init> (842 bytes)
C2 CompilerThread2     5746 2959       4       java.util.WeakHashMap::put (160 bytes)

VM state: not at safepoint (normal execution)

VM Mutex/Monitor currently owned by a thread: None

Heap address: 0x0000000080000000, size: 2048 MB, Compressed Oops mode: 32-bit

CDS archive(s) mapped at: [0x0000025193000000-0x0000025193bd0000-0x0000025193bd0000), size 12386304, SharedBaseAddress: 0x0000025193000000, ArchiveRelocationMode: 1.
Compressed class space mapped at: 0x0000025194000000-0x00000251ae000000, reserved size: 436207616
Narrow klass base: 0x0000025193000000, Narrow klass shift: 0, Narrow klass range: 0x100000000

GC Precious Log:
 CPUs: 8 total, 8 available
 Memory: 16321M
 Large Page Support: Disabled
 NUMA Support: Disabled
 Compressed Oops: Enabled (32-bit)
 Heap Region Size: 1M
 Heap Min Capacity: 8M
 Heap Initial Capacity: 256M
 Heap Max Capacity: 2G
 Pre-touch: Disabled
 Parallel Workers: 8
 Concurrent Workers: 2
 Concurrent Refinement Workers: 8
 Periodic GC: Disabled

Heap:
 garbage-first heap   total 89088K, used 48968K [0x0000000080000000, 0x0000000100000000)
  region size 1024K, 42 young (43008K), 16 survivors (16384K)
 Metaspace       used 24069K, committed 24448K, reserved 491520K
  class space    used 3531K, committed 3712K, reserved 425984K

Heap Regions: E=young(eden), S=young(survivor), O=old, HS=humongous(starts), HC=humongous(continues), CS=collection set, F=free, OA=open archive, CA=closed archive, TAMS=top-at-mark-start (previous, next)
|   0|0x0000000080000000, 0x0000000080100000, 0x0000000080100000|100%|HS|  |TAMS 0x0000000080100000, 0x0000000080000000| Complete 
|   1|0x0000000080100000, 0x0000000080200000, 0x0000000080200000|100%|HC|  |TAMS 0x0000000080200000, 0x0000000080100000| Complete 
|   2|0x0000000080200000, 0x0000000080300000, 0x0000000080300000|100%|HC|  |TAMS 0x0000000080300000, 0x0000000080200000| Complete 
|   3|0x0000000080300000, 0x0000000080400000, 0x0000000080400000|100%| O|  |TAMS 0x0000000080400000, 0x0000000080300000| Untracked 
|   4|0x0000000080400000, 0x0000000080500000, 0x0000000080500000|100%| O|  |TAMS 0x0000000080500000, 0x0000000080400000| Untracked 
|   5|0x0000000080500000, 0x0000000080600000, 0x0000000080600000|100%| O|  |TAMS 0x0000000080600000, 0x0000000080500000| Untracked 
|   6|0x0000000080600000, 0x0000000080700000, 0x0000000080700000|100%|HS|  |TAMS 0x0000000080700000, 0x0000000080600000| Complete 
|   7|0x0000000080700000, 0x0000000080700000, 0x0000000080800000|  0%| F|  |TAMS 0x0000000080700000, 0x0000000080700000| Untracked 
|   8|0x0000000080800000, 0x0000000080900000, 0x0000000080900000|100%| O|  |TAMS 0x0000000080900000, 0x0000000080800000| Untracked 
|   9|0x0000000080900000, 0x00000000809a5000, 0x0000000080a00000| 64%| O|  |TAMS 0x00000000809a5000, 0x0000000080900000| Complete 
|  10|0x0000000080a00000, 0x0000000080a00000, 0x0000000080b00000|  0%| F|  |TAMS 0x0000000080a00000, 0x0000000080a00000| Untracked 
|  11|0x0000000080b00000, 0x0000000080b00000, 0x0000000080c00000|  0%| F|  |TAMS 0x0000000080b00000, 0x0000000080b00000| Untracked 
|  12|0x0000000080c00000, 0x0000000080c00000, 0x0000000080d00000|  0%| F|  |TAMS 0x0000000080c00000, 0x0000000080c00000| Untracked 
|  13|0x0000000080d00000, 0x0000000080d00000, 0x0000000080e00000|  0%| F|  |TAMS 0x0000000080d00000, 0x0000000080d00000| Untracked 
|  14|0x0000000080e00000, 0x0000000080e00000, 0x0000000080f00000|  0%| F|  |TAMS 0x0000000080e00000, 0x0000000080e00000| Untracked 
|  15|0x0000000080f00000, 0x0000000080f00000, 0x0000000081000000|  0%| F|  |TAMS 0x0000000080f00000, 0x0000000080f00000| Untracked 
|  16|0x0000000081000000, 0x0000000081000000, 0x0000000081100000|  0%| F|  |TAMS 0x0000000081000000, 0x0000000081000000| Untracked 
|  17|0x0000000081100000, 0x0000000081100000, 0x0000000081200000|  0%| F|  |TAMS 0x0000000081100000, 0x0000000081100000| Untracked 
|  18|0x0000000081200000, 0x0000000081200000, 0x0000000081300000|  0%| F|  |TAMS 0x0000000081200000, 0x0000000081200000| Untracked 
|  19|0x0000000081300000, 0x0000000081300000, 0x0000000081400000|  0%| F|  |TAMS 0x0000000081300000, 0x0000000081300000| Untracked 
|  20|0x0000000081400000, 0x0000000081400000, 0x0000000081500000|  0%| F|  |TAMS 0x0000000081400000, 0x0000000081400000| Untracked 
|  21|0x0000000081500000, 0x0000000081500000, 0x0000000081600000|  0%| F|  |TAMS 0x0000000081500000, 0x0000000081500000| Untracked 
|  22|0x0000000081600000, 0x0000000081600000, 0x0000000081700000|  0%| F|  |TAMS 0x0000000081600000, 0x0000000081600000| Untracked 
|  23|0x0000000081700000, 0x0000000081700000, 0x0000000081800000|  0%| F|  |TAMS 0x0000000081700000, 0x0000000081700000| Untracked 
|  24|0x0000000081800000, 0x0000000081800000, 0x0000000081900000|  0%| F|  |TAMS 0x0000000081800000, 0x0000000081800000| Untracked 
|  25|0x0000000081900000, 0x0000000081900000, 0x0000000081a00000|  0%| F|  |TAMS 0x0000000081900000, 0x0000000081900000| Untracked 
|  26|0x0000000081a00000, 0x0000000081a00000, 0x0000000081b00000|  0%| F|  |TAMS 0x0000000081a00000, 0x0000000081a00000| Untracked 
|  27|0x0000000081b00000, 0x0000000081b00000, 0x0000000081c00000|  0%| F|  |TAMS 0x0000000081b00000, 0x0000000081b00000| Untracked 
|  28|0x0000000081c00000, 0x0000000081c00000, 0x0000000081d00000|  0%| F|  |TAMS 0x0000000081c00000, 0x0000000081c00000| Untracked 
|  29|0x0000000081d00000, 0x0000000081d00000, 0x0000000081e00000|  0%| F|  |TAMS 0x0000000081d00000, 0x0000000081d00000| Untracked 
|  30|0x0000000081e00000, 0x0000000081e00000, 0x0000000081f00000|  0%| F|  |TAMS 0x0000000081e00000, 0x0000000081e00000| Untracked 
|  31|0x0000000081f00000, 0x0000000081f00000, 0x0000000082000000|  0%| F|  |TAMS 0x0000000081f00000, 0x0000000081f00000| Untracked 
|  32|0x0000000082000000, 0x0000000082000000, 0x0000000082100000|  0%| F|  |TAMS 0x0000000082000000, 0x0000000082000000| Untracked 
|  33|0x0000000082100000, 0x0000000082100000, 0x0000000082200000|  0%| F|  |TAMS 0x0000000082100000, 0x0000000082100000| Untracked 
|  34|0x0000000082200000, 0x0000000082200000, 0x0000000082300000|  0%| F|  |TAMS 0x0000000082200000, 0x0000000082200000| Untracked 
|  35|0x0000000082300000, 0x0000000082300000, 0x0000000082400000|  0%| F|  |TAMS 0x0000000082300000, 0x0000000082300000| Untracked 
|  36|0x0000000082400000, 0x0000000082400000, 0x0000000082500000|  0%| F|  |TAMS 0x0000000082400000, 0x0000000082400000| Untracked 
|  37|0x0000000082500000, 0x0000000082500000, 0x0000000082600000|  0%| F|  |TAMS 0x0000000082500000, 0x0000000082500000| Untracked 
|  38|0x0000000082600000, 0x0000000082600000, 0x0000000082700000|  0%| F|  |TAMS 0x0000000082600000, 0x0000000082600000| Untracked 
|  39|0x0000000082700000, 0x0000000082700000, 0x0000000082800000|  0%| F|  |TAMS 0x0000000082700000, 0x0000000082700000| Untracked 
|  40|0x0000000082800000, 0x0000000082800000, 0x0000000082900000|  0%| F|  |TAMS 0x0000000082800000, 0x0000000082800000| Untracked 
|  41|0x0000000082900000, 0x0000000082900000, 0x0000000082a00000|  0%| F|  |TAMS 0x0000000082900000, 0x0000000082900000| Untracked 
|  42|0x0000000082a00000, 0x0000000082a00000, 0x0000000082b00000|  0%| F|  |TAMS 0x0000000082a00000, 0x0000000082a00000| Untracked 
|  43|0x0000000082b00000, 0x0000000082b00000, 0x0000000082c00000|  0%| F|  |TAMS 0x0000000082b00000, 0x0000000082b00000| Untracked 
|  44|0x0000000082c00000, 0x0000000082c00000, 0x0000000082d00000|  0%| F|  |TAMS 0x0000000082c00000, 0x0000000082c00000| Untracked 
|  45|0x0000000082d00000, 0x0000000082e00000, 0x0000000082e00000|100%| E|  |TAMS 0x0000000082d00000, 0x0000000082d00000| Complete 
|  46|0x0000000082e00000, 0x0000000082f00000, 0x0000000082f00000|100%| E|CS|TAMS 0x0000000082e00000, 0x0000000082e00000| Complete 
|  47|0x0000000082f00000, 0x0000000083000000, 0x0000000083000000|100%| E|CS|TAMS 0x0000000082f00000, 0x0000000082f00000| Complete 
|  48|0x0000000083000000, 0x0000000083100000, 0x0000000083100000|100%| E|CS|TAMS 0x0000000083000000, 0x0000000083000000| Complete 
|  49|0x0000000083100000, 0x0000000083200000, 0x0000000083200000|100%| E|CS|TAMS 0x0000000083100000, 0x0000000083100000| Complete 
|  50|0x0000000083200000, 0x0000000083300000, 0x0000000083300000|100%| E|  |TAMS 0x0000000083200000, 0x0000000083200000| Complete 
|  51|0x0000000083300000, 0x0000000083400000, 0x0000000083400000|100%| E|CS|TAMS 0x0000000083300000, 0x0000000083300000| Complete 
|  52|0x0000000083400000, 0x0000000083500000, 0x0000000083500000|100%| E|CS|TAMS 0x0000000083400000, 0x0000000083400000| Complete 
|  53|0x0000000083500000, 0x0000000083600000, 0x0000000083600000|100%| E|CS|TAMS 0x0000000083500000, 0x0000000083500000| Complete 
|  54|0x0000000083600000, 0x0000000083700000, 0x0000000083700000|100%| E|CS|TAMS 0x0000000083600000, 0x0000000083600000| Complete 
|  55|0x0000000083700000, 0x0000000083800000, 0x0000000083800000|100%| E|CS|TAMS 0x0000000083700000, 0x0000000083700000| Complete 
|  56|0x0000000083800000, 0x0000000083900000, 0x0000000083900000|100%| E|CS|TAMS 0x0000000083800000, 0x0000000083800000| Complete 
|  57|0x0000000083900000, 0x0000000083a00000, 0x0000000083a00000|100%| E|CS|TAMS 0x0000000083900000, 0x0000000083900000| Complete 
|  58|0x0000000083a00000, 0x0000000083b00000, 0x0000000083b00000|100%| E|CS|TAMS 0x0000000083a00000, 0x0000000083a00000| Complete 
|  59|0x0000000083b00000, 0x0000000083c00000, 0x0000000083c00000|100%| E|CS|TAMS 0x0000000083b00000, 0x0000000083b00000| Complete 
|  60|0x0000000083c00000, 0x0000000083d00000, 0x0000000083d00000|100%| E|CS|TAMS 0x0000000083c00000, 0x0000000083c00000| Complete 
|  61|0x0000000083d00000, 0x0000000083e00000, 0x0000000083e00000|100%| E|CS|TAMS 0x0000000083d00000, 0x0000000083d00000| Complete 
|  62|0x0000000083e00000, 0x0000000083f00000, 0x0000000083f00000|100%| E|CS|TAMS 0x0000000083e00000, 0x0000000083e00000| Complete 
|  63|0x0000000083f00000, 0x0000000084000000, 0x0000000084000000|100%| E|CS|TAMS 0x0000000083f00000, 0x0000000083f00000| Complete 
|  64|0x0000000084000000, 0x0000000084100000, 0x0000000084100000|100%| E|CS|TAMS 0x0000000084000000, 0x0000000084000000| Complete 
|  65|0x0000000084100000, 0x0000000084200000, 0x0000000084200000|100%| E|CS|TAMS 0x0000000084100000, 0x0000000084100000| Complete 
|  66|0x0000000084200000, 0x0000000084300000, 0x0000000084300000|100%| E|CS|TAMS 0x0000000084200000, 0x0000000084200000| Complete 
|  67|0x0000000084300000, 0x0000000084400000, 0x0000000084400000|100%| E|CS|TAMS 0x0000000084300000, 0x0000000084300000| Complete 
|  68|0x0000000084400000, 0x0000000084500000, 0x0000000084500000|100%| E|CS|TAMS 0x0000000084400000, 0x0000000084400000| Complete 
|  69|0x0000000084500000, 0x0000000084600000, 0x0000000084600000|100%| E|CS|TAMS 0x0000000084500000, 0x0000000084500000| Complete 
| 136|0x0000000088800000, 0x000000008882d1c0, 0x0000000088900000| 17%| S|CS|TAMS 0x0000000088800000, 0x0000000088800000| Complete 
| 137|0x0000000088900000, 0x0000000088a00000, 0x0000000088a00000|100%| S|CS|TAMS 0x0000000088900000, 0x0000000088900000| Complete 
| 138|0x0000000088a00000, 0x0000000088b00000, 0x0000000088b00000|100%| S|CS|TAMS 0x0000000088a00000, 0x0000000088a00000| Complete 
| 139|0x0000000088b00000, 0x0000000088c00000, 0x0000000088c00000|100%| S|CS|TAMS 0x0000000088b00000, 0x0000000088b00000| Complete 
| 140|0x0000000088c00000, 0x0000000088d00000, 0x0000000088d00000|100%| S|CS|TAMS 0x0000000088c00000, 0x0000000088c00000| Complete 
| 141|0x0000000088d00000, 0x0000000088e00000, 0x0000000088e00000|100%| S|CS|TAMS 0x0000000088d00000, 0x0000000088d00000| Complete 
| 142|0x0000000088e00000, 0x0000000088f00000, 0x0000000088f00000|100%| S|CS|TAMS 0x0000000088e00000, 0x0000000088e00000| Complete 
| 143|0x0000000088f00000, 0x0000000089000000, 0x0000000089000000|100%| S|CS|TAMS 0x0000000088f00000, 0x0000000088f00000| Complete 
| 144|0x0000000089000000, 0x0000000089100000, 0x0000000089100000|100%| S|CS|TAMS 0x0000000089000000, 0x0000000089000000| Complete 
| 145|0x0000000089100000, 0x0000000089200000, 0x0000000089200000|100%| S|CS|TAMS 0x0000000089100000, 0x0000000089100000| Complete 
| 146|0x0000000089200000, 0x0000000089300000, 0x0000000089300000|100%| S|CS|TAMS 0x0000000089200000, 0x0000000089200000| Complete 
| 147|0x0000000089300000, 0x0000000089400000, 0x0000000089400000|100%| S|CS|TAMS 0x0000000089300000, 0x0000000089300000| Complete 
| 148|0x0000000089400000, 0x0000000089500000, 0x0000000089500000|100%| S|CS|TAMS 0x0000000089400000, 0x0000000089400000| Complete 
| 149|0x0000000089500000, 0x0000000089600000, 0x0000000089600000|100%| S|CS|TAMS 0x0000000089500000, 0x0000000089500000| Complete 
| 150|0x0000000089600000, 0x0000000089700000, 0x0000000089700000|100%| S|CS|TAMS 0x0000000089600000, 0x0000000089600000| Complete 
| 151|0x0000000089700000, 0x0000000089800000, 0x0000000089800000|100%| S|CS|TAMS 0x0000000089700000, 0x0000000089700000| Complete 
| 255|0x000000008ff00000, 0x0000000090000000, 0x0000000090000000|100%| E|CS|TAMS 0x000000008ff00000, 0x000000008ff00000| Complete 

Card table byte_map: [0x00000251fb910000,0x00000251fbd10000] _byte_map_base: 0x00000251fb510000

Marking Bits (Prev, Next): (CMBitMap*) 0x00000251f3975ac0, (CMBitMap*) 0x00000251f3975a80
 Prev Bits: [0x000002518f000000, 0x0000025191000000)
 Next Bits: [0x00000251fc110000, 0x00000251fe110000)

Polling page: 0x00000251f1710000

Metaspace:

Usage:
  Non-class:     20.06 MB used.
      Class:      3.45 MB used.
       Both:     23.51 MB used.

Virtual space:
  Non-class space:       64.00 MB reserved,      20.25 MB ( 32%) committed,  1 nodes.
      Class space:      416.00 MB reserved,       3.62 MB ( <1%) committed,  1 nodes.
             Both:      480.00 MB reserved,      23.88 MB (  5%) committed. 

Chunk freelists:
   Non-Class:  11.70 MB
       Class:  12.26 MB
        Both:  23.97 MB

MaxMetaspaceSize: 512.00 MB
CompressedClassSpaceSize: 416.00 MB
Initial GC threshold: 21.00 MB
Current GC threshold: 35.12 MB
CDS: on
MetaspaceReclaimPolicy: balanced
 - commit_granule_bytes: 65536.
 - commit_granule_words: 8192.
 - virtual_space_node_default_size: 8388608.
 - enlarge_chunks_in_place: 1.
 - new_chunks_are_fully_committed: 0.
 - uncommit_free_chunks: 1.
 - use_allocation_guard: 0.
 - handle_deallocations: 1.


Internal statistics:

num_allocs_failed_limit: 3.
num_arena_births: 380.
num_arena_deaths: 0.
num_vsnodes_births: 2.
num_vsnodes_deaths: 0.
num_space_committed: 382.
num_space_uncommitted: 0.
num_chunks_returned_to_freelist: 3.
num_chunks_taken_from_freelist: 1285.
num_chunk_merges: 0.
num_chunk_splits: 827.
num_chunks_enlarged: 555.
num_inconsistent_stats: 0.

CodeHeap 'non-profiled nmethods': size=120000Kb used=1893Kb max_used=1893Kb free=118107Kb
 bounds [0x0000025187ad0000, 0x0000025187d40000, 0x000002518f000000]
CodeHeap 'profiled nmethods': size=120000Kb used=6470Kb max_used=6470Kb free=113529Kb
 bounds [0x0000025180000000, 0x0000025180660000, 0x0000025187530000]
CodeHeap 'non-nmethods': size=5760Kb used=1251Kb max_used=1312Kb free=4508Kb
 bounds [0x0000025187530000, 0x00000251877a0000, 0x0000025187ad0000]
 total_blobs=3625 nmethods=3065 adapters=472
 compilation: enabled
              stopped_count=0, restarted_count=0
 full_count=0

Compilation events (20 events):
Event: 5.556 Thread 0x00000251feb6c240 3040       3       sun.security.util.ManifestDigester$Entry::<init> (16 bytes)
Event: 5.557 Thread 0x00000251feb6c240 nmethod 3040 0x0000025180640c10 code [0x0000025180640de0, 0x00000251806411f8]
Event: 5.557 Thread 0x00000251feb6c240 3041       3       sun.security.util.ManifestDigester$Section::<init> (26 bytes)
Event: 5.557 Thread 0x00000251feb6c240 nmethod 3041 0x0000025180641390 code [0x0000025180641520, 0x00000251806416d8]
Event: 5.557 Thread 0x00000251feb6c240 3042       3       sun.security.util.ManifestDigester$Entry::addSection (13 bytes)
Event: 5.557 Thread 0x00000251feb6c240 nmethod 3042 0x0000025180641790 code [0x0000025180641940, 0x0000025180641b28]
Event: 5.557 Thread 0x00000251feb6c240 3043       3       sun.security.util.ManifestDigester::isNameAttr (102 bytes)
Event: 5.558 Thread 0x00000251feb6c240 nmethod 3043 0x0000025180641c10 code [0x0000025180641dc0, 0x0000025180642218]
Event: 5.558 Thread 0x00000251feb6c240 3044       3       sun.security.util.ManifestDigester$$Lambda$392/0x00000251943426e8::apply (8 bytes)
Event: 5.558 Thread 0x00000251feb6c240 nmethod 3044 0x0000025180642390 code [0x0000025180642580, 0x0000025180642bb8]
Event: 5.564 Thread 0x00000251feb6a0d0 nmethod 3034 0x0000025187c9ee90 code [0x0000025187c9f060, 0x0000025187c9f8c8]
Event: 5.564 Thread 0x00000251feb6a0d0 3037       4       java.lang.invoke.MethodType::makeImpl (109 bytes)
Event: 5.565 Thread 0x00000251feb6c240 3046       3       java.util.concurrent.locks.ReentrantLock$Sync::isHeldExclusively (16 bytes)
Event: 5.565 Thread 0x00000251feb6c240 nmethod 3046 0x0000025180642d90 code [0x0000025180642f20, 0x00000251806430b8]
Event: 5.653 Thread 0x00000251feb6c240 3049       3       java.util.Collection::stream (11 bytes)
Event: 5.653 Thread 0x00000251feb6c240 nmethod 3049 0x0000025180643190 code [0x0000025180643340, 0x0000025180643538]
Event: 5.661 Thread 0x00000251feb6c240 3050       3       sun.security.util.ObjectIdentifier::checkOtherComponent (41 bytes)
Event: 5.662 Thread 0x00000251feb6c240 nmethod 3050 0x0000025180643610 code [0x0000025180643860, 0x0000025180643f68]
Event: 5.662 Thread 0x00000251feb6c240 3051       3       sun.security.util.ObjectIdentifier::checkOidSize (86 bytes)
Event: 5.663 Thread 0x00000251feb6c240 nmethod 3051 0x0000025180644210 code [0x0000025180644520, 0x00000251806452a8]

GC Heap History (8 events):
Event: 0.595 GC heap before
{Heap before GC invocations=0 (full 0):
 garbage-first heap   total 262144K, used 22528K [0x0000000080000000, 0x0000000100000000)
  region size 1024K, 23 young (23552K), 0 survivors (0K)
 Metaspace       used 886K, committed 1024K, reserved 491520K
  class space    used 65K, committed 128K, reserved 425984K
}
Event: 0.598 GC heap after
{Heap after GC invocations=1 (full 0):
 garbage-first heap   total 262144K, used 1629K [0x0000000080000000, 0x0000000100000000)
  region size 1024K, 2 young (2048K), 2 survivors (2048K)
 Metaspace       used 886K, committed 1024K, reserved 491520K
  class space    used 65K, committed 128K, reserved 425984K
}
Event: 1.615 GC heap before
{Heap before GC invocations=1 (full 0):
 garbage-first heap   total 262144K, used 40541K [0x0000000080000000, 0x0000000100000000)
  region size 1024K, 38 young (38912K), 2 survivors (2048K)
 Metaspace       used 4409K, committed 4608K, reserved 491520K
  class space    used 548K, committed 640K, reserved 425984K
}
Event: 1.620 GC heap after
{Heap after GC invocations=2 (full 0):
 garbage-first heap   total 262144K, used 10781K [0x0000000080000000, 0x0000000100000000)
  region size 1024K, 5 young (5120K), 5 survivors (5120K)
 Metaspace       used 4409K, committed 4608K, reserved 491520K
  class space    used 548K, committed 640K, reserved 425984K
}
Event: 2.678 GC heap before
{Heap before GC invocations=2 (full 0):
 garbage-first heap   total 262144K, used 75293K [0x0000000080000000, 0x0000000100000000)
  region size 1024K, 66 young (67584K), 5 survivors (5120K)
 Metaspace       used 7006K, committed 7232K, reserved 491520K
  class space    used 934K, committed 1024K, reserved 425984K
}
Event: 2.684 GC heap after
{Heap after GC invocations=3 (full 0):
 garbage-first heap   total 262144K, used 18068K [0x0000000080000000, 0x0000000100000000)
  region size 1024K, 9 young (9216K), 9 survivors (9216K)
 Metaspace       used 7006K, committed 7232K, reserved 491520K
  class space    used 934K, committed 1024K, reserved 425984K
}
Event: 4.877 GC heap before
{Heap before GC invocations=3 (full 0):
 garbage-first heap   total 262144K, used 114324K [0x0000000080000000, 0x0000000100000000)
  region size 1024K, 104 young (106496K), 9 survivors (9216K)
 Metaspace       used 21160K, committed 21504K, reserved 491520K
  class space    used 3084K, committed 3264K, reserved 425984K
}
Event: 4.886 GC heap after
{Heap after GC invocations=4 (full 0):
 garbage-first heap   total 262144K, used 24392K [0x0000000080000000, 0x0000000100000000)
  region size 1024K, 16 young (16384K), 16 survivors (16384K)
 Metaspace       used 21160K, committed 21504K, reserved 491520K
  class space    used 3084K, committed 3264K, reserved 425984K
}

Deoptimization events (20 events):
Event: 5.501 Thread 0x00000251b582c8e0 Uncommon trap: trap_request=0xffffffde fr.pc=0x0000025187bf9dcc relative=0x000000000000122c
Event: 5.501 Thread 0x00000251b582c8e0 Uncommon trap: reason=class_check action=maybe_recompile pc=0x0000025187bf9dcc method=java.util.concurrent.ConcurrentHashMap.putVal(Ljava/lang/Object;Ljava/lang/Object;Z)Ljava/lang/Object; @ 242 c2
Event: 5.501 Thread 0x00000251b582c8e0 DEOPT PACKING pc=0x0000025187bf9dcc sp=0x0000005c50efe350
Event: 5.501 Thread 0x00000251b582c8e0 DEOPT UNPACKING pc=0x00000251875823a3 sp=0x0000005c50efe2c0 mode 2
Event: 5.501 Thread 0x00000251b582c8e0 Uncommon trap: trap_request=0xffffffde fr.pc=0x0000025187bf9dcc relative=0x000000000000122c
Event: 5.501 Thread 0x00000251b582c8e0 Uncommon trap: reason=class_check action=maybe_recompile pc=0x0000025187bf9dcc method=java.util.concurrent.ConcurrentHashMap.putVal(Ljava/lang/Object;Ljava/lang/Object;Z)Ljava/lang/Object; @ 242 c2
Event: 5.501 Thread 0x00000251b582c8e0 DEOPT PACKING pc=0x0000025187bf9dcc sp=0x0000005c50efe0a0
Event: 5.501 Thread 0x00000251b582c8e0 DEOPT UNPACKING pc=0x00000251875823a3 sp=0x0000005c50efe010 mode 2
Event: 5.522 Thread 0x00000251b3307610 Uncommon trap: trap_request=0xffffffc6 fr.pc=0x0000025187c1893c relative=0x000000000000623c
Event: 5.522 Thread 0x00000251b3307610 Uncommon trap: reason=bimorphic_or_optimized_type_check action=maybe_recompile pc=0x0000025187c1893c method=java.lang.ClassLoader.loadClass(Ljava/lang/String;Z)Ljava/lang/Class; @ 38 c2
Event: 5.522 Thread 0x00000251b3307610 DEOPT PACKING pc=0x0000025187c1893c sp=0x0000005c500fbc60
Event: 5.522 Thread 0x00000251b3307610 DEOPT UNPACKING pc=0x00000251875823a3 sp=0x0000005c500fbcd0 mode 2
Event: 5.530 Thread 0x00000251b3307610 Uncommon trap: trap_request=0xffffff45 fr.pc=0x0000025187c2e2a4 relative=0x0000000000006404
Event: 5.530 Thread 0x00000251b3307610 Uncommon trap: reason=unstable_if action=reinterpret pc=0x0000025187c2e2a4 method=java.util.jar.JarFile.maybeInstantiateVerifier()V @ 27 c2
Event: 5.530 Thread 0x00000251b3307610 DEOPT PACKING pc=0x0000025187c2e2a4 sp=0x0000005c500fbba0
Event: 5.530 Thread 0x00000251b3307610 DEOPT UNPACKING pc=0x00000251875823a3 sp=0x0000005c500fb838 mode 2
Event: 5.539 Thread 0x00000251b3307610 Uncommon trap: trap_request=0xffffff45 fr.pc=0x0000025187b26740 relative=0x0000000000000680
Event: 5.539 Thread 0x00000251b3307610 Uncommon trap: reason=unstable_if action=reinterpret pc=0x0000025187b26740 method=java.util.jar.Manifest$FastInputStream.readLine([BII)I @ 130 c2
Event: 5.539 Thread 0x00000251b3307610 DEOPT PACKING pc=0x0000025187b26740 sp=0x0000005c500fb430
Event: 5.539 Thread 0x00000251b3307610 DEOPT UNPACKING pc=0x00000251875823a3 sp=0x0000005c500fb3c0 mode 2

Classes unloaded (0 events):
No events

Classes redefined (0 events):
No events

Internal exceptions (20 events):
Event: 4.857 Thread 0x00000251b3307610 Exception <a 'java/lang/NoSuchMethodError'{0x000000008999a898}: 'java.lang.Object java.lang.invoke.DirectMethodHandle$Holder.invokeStatic(java.lang.Object, java.lang.Object, java.lang.Object, java.lang.Object, java.lang.Object, java.lang.Object, java.lang.Object, java.lang.Object, java.lang.Object, java.lang.Object, java.lang.Object, java.lang.Object, java.lang.Object, java.lang.Object, java.lang.Object, java.lang.Object, java.lang.Object, java.lang.Object, java.lang.Object, java.lang.Object, java.lang.Obj
Event: 4.871 Thread 0x00000251b3307610 Exception <a 'java/lang/NoSuchMethodError'{0x00000000899cadc8}: 'java.lang.Object java.lang.invoke.DirectMethodHandle$Holder.invokeStatic(java.lang.Object, java.lang.Object, java.lang.Object, java.lang.Object, java.lang.Object, java.lang.Object, java.lang.Object, java.lang.Object, java.lang.Object, java.lang.Object, java.lang.Object, java.lang.Object, java.lang.Object, java.lang.Object, java.lang.Object, java.lang.Object, java.lang.Object, java.lang.Object, java.lang.Object, java.lang.Object, java.lang.Obj
Event: 4.876 Thread 0x00000251b3307610 Exception <a 'java/lang/NoSuchMethodError'{0x00000000899fc238}: 'java.lang.Object java.lang.invoke.DirectMethodHandle$Holder.invokeStatic(java.lang.Object, java.lang.Object, java.lang.Object, java.lang.Object, java.lang.Object, java.lang.Object, java.lang.Object, java.lang.Object, java.lang.Object, java.lang.Object, java.lang.Object, java.lang.Object, java.lang.Object, java.lang.Object, java.lang.Object, java.lang.Object, java.lang.Object, java.lang.Object, java.lang.Object, java.lang.Object, java.lang.Obj
Event: 4.893 Thread 0x00000251b3307610 Exception <a 'java/lang/NoSuchMethodError'{0x000000008ff2bbd0}: 'java.lang.Object java.lang.invoke.DirectMethodHandle$Holder.invokeStatic(java.lang.Object, java.lang.Object, java.lang.Object, java.lang.Object, java.lang.Object, java.lang.Object, java.lang.Object, java.lang.Object, java.lang.Object, java.lang.Object, java.lang.Object, java.lang.Object, java.lang.Object, java.lang.Object, java.lang.Object, java.lang.Object, java.lang.Object, java.lang.Object, java.lang.Object, java.lang.Object, java.lang.Obj
Event: 4.925 Thread 0x00000251b3307610 Exception <a 'java/lang/NoSuchMethodError'{0x00000000845fe468}: 'java.lang.Object java.lang.invoke.DirectMethodHandle$Holder.invokeStaticInit(java.lang.Object, java.lang.Object, java.lang.Object, java.lang.Object)'> (0x00000000845fe468) 
thrown [s\open\src\hotspot\share\interpreter\linkResolver.cpp, line 759]
Event: 4.985 Thread 0x00000251b3307610 Exception <a 'java/lang/NoSuchMethodError'{0x00000000843cf1b8}: 'java.lang.Object java.lang.invoke.DirectMethodHandle$Holder.newInvokeSpecial(java.lang.Object, java.lang.Object, java.lang.Object, java.lang.Object, java.lang.Object, java.lang.Object, java.lang.Object, java.lang.Object)'> (0x00000000843cf1b8) 
thrown [s\open\src\hotspot\share\interpreter\linkResolver.cpp, line 759]
Event: 4.985 Thread 0x00000251b3307610 Exception <a 'java/lang/NoSuchMethodError'{0x00000000843d4bc0}: 'java.lang.Object java.lang.invoke.DirectMethodHandle$Holder.invokeSpecial(java.lang.Object, java.lang.Object, java.lang.Object, java.lang.Object, java.lang.Object, java.lang.Object, java.lang.Object, java.lang.Object, java.lang.Object)'> (0x00000000843d4bc0) 
thrown [s\open\src\hotspot\share\interpreter\linkResolver.cpp, line 759]
Event: 4.986 Thread 0x00000251b3307610 Exception <a 'java/lang/NoSuchMethodError'{0x00000000843d9f70}: 'java.lang.Object java.lang.invoke.Invokers$Holder.linkToTargetMethod(java.lang.Object, java.lang.Object, java.lang.Object, java.lang.Object, java.lang.Object, java.lang.Object, java.lang.Object, java.lang.Object)'> (0x00000000843d9f70) 
thrown [s\open\src\hotspot\share\interpreter\linkResolver.cpp, line 759]
Event: 5.054 Thread 0x00000251b3307610 Exception <a 'java/lang/NoSuchMethodError'{0x00000000841f2668}: 'void java.lang.invoke.DirectMethodHandle$Holder.invokeStaticInit(java.lang.Object, java.lang.Object)'> (0x00000000841f2668) 
thrown [s\open\src\hotspot\share\interpreter\linkResolver.cpp, line 759]
Event: 5.345 Thread 0x00000251b3307610 Exception <a 'java/lang/NoSuchMethodError'{0x0000000083be4b00}: 'int java.lang.invoke.DirectMethodHandle$Holder.invokeVirtual(java.lang.Object, java.lang.Object)'> (0x0000000083be4b00) 
thrown [s\open\src\hotspot\share\interpreter\linkResolver.cpp, line 759]
Event: 5.356 Thread 0x00000251b330a8b0 Exception <a 'java/lang/NoSuchMethodError'{0x000000008ff88ad8}: static Lorg/gradle/internal/build/event/types/DefaultOperationFinishedProgressEvent;.<clinit>()V> (0x000000008ff88ad8) 
thrown [s\open\src\hotspot\share\prims\jni.cpp, line 1112]
Event: 5.358 Thread 0x00000251b330a8b0 Exception <a 'java/lang/NoSuchMethodError'{0x000000008ffa0ad0}: static Lorg/gradle/internal/build/event/types/DefaultSuccessResult;.<clinit>()V> (0x000000008ffa0ad0) 
thrown [s\open\src\hotspot\share\prims\jni.cpp, line 1112]
Event: 5.358 Thread 0x00000251b330a8b0 Exception <a 'java/lang/NoSuchMethodError'{0x000000008ffa17c0}: static Lorg/gradle/internal/build/event/types/AbstractOperationResult;.<clinit>()V> (0x000000008ffa17c0) 
thrown [s\open\src\hotspot\share\prims\jni.cpp, line 1112]
Event: 5.358 Thread 0x00000251b330a8b0 Exception <a 'java/lang/NoSuchMethodError'{0x000000008ffa2780}: static Lorg/gradle/internal/build/event/types/AbstractResult;.<clinit>()V> (0x000000008ffa2780) 
thrown [s\open\src\hotspot\share\prims\jni.cpp, line 1112]
Event: 5.386 Thread 0x00000251b3307610 Exception <a 'java/lang/NoSuchMethodError'{0x0000000083948f88}: 'java.lang.Object java.lang.invoke.DirectMethodHandle$Holder.newInvokeSpecial(java.lang.Object, java.lang.Object, long)'> (0x0000000083948f88) 
thrown [s\open\src\hotspot\share\interpreter\linkResolver.cpp, line 759]
Event: 5.386 Thread 0x00000251b3307610 Exception <a 'java/lang/NoSuchMethodError'{0x000000008394d2f0}: 'java.lang.Object java.lang.invoke.Invokers$Holder.linkToTargetMethod(java.lang.Object, long, java.lang.Object)'> (0x000000008394d2f0) 
thrown [s\open\src\hotspot\share\interpreter\linkResolver.cpp, line 759]
Event: 5.428 Thread 0x00000251b3307610 Exception <a 'java/lang/NoSuchMethodError'{0x0000000083702e00}: 'int java.lang.invoke.DirectMethodHandle$Holder.invokeInterface(java.lang.Object, java.lang.Object)'> (0x0000000083702e00) 
thrown [s\open\src\hotspot\share\interpreter\linkResolver.cpp, line 759]
Event: 5.459 Thread 0x00000251b3307610 Exception <a 'java/lang/NoSuchMethodError'{0x000000008372b838}: 'java.lang.Object java.lang.invoke.DirectMethodHandle$Holder.invokeStatic(java.lang.Object, java.lang.Object, int, java.lang.Object)'> (0x000000008372b838) 
thrown [s\open\src\hotspot\share\interpreter\linkResolver.cpp, line 759]
Event: 5.460 Thread 0x00000251b3307610 Exception <a 'java/lang/NoSuchMethodError'{0x0000000083733268}: 'java.lang.Object java.lang.invoke.DirectMethodHandle$Holder.newInvokeSpecial(java.lang.Object, java.lang.Object, int, java.lang.Object)'> (0x0000000083733268) 
thrown [s\open\src\hotspot\share\interpreter\linkResolver.cpp, line 759]
Event: 5.460 Thread 0x00000251b3307610 Exception <a 'java/lang/NoSuchMethodError'{0x00000000837376f8}: 'java.lang.Object java.lang.invoke.DirectMethodHandle$Holder.invokeSpecial(java.lang.Object, java.lang.Object, java.lang.Object, int, java.lang.Object)'> (0x00000000837376f8) 
thrown [s\open\src\hotspot\share\interpreter\linkResolver.cpp, line 759]

VM Operations (20 events):
Event: 3.615 Executing VM operation: ICBufferFull
Event: 3.615 Executing VM operation: ICBufferFull done
Event: 3.899 Executing VM operation: HandshakeAllThreads
Event: 3.899 Executing VM operation: HandshakeAllThreads done
Event: 3.899 Executing VM operation: HandshakeAllThreads
Event: 3.899 Executing VM operation: HandshakeAllThreads done
Event: 4.583 Executing VM operation: ICBufferFull
Event: 4.583 Executing VM operation: ICBufferFull done
Event: 4.808 Executing VM operation: HandshakeAllThreads
Event: 4.809 Executing VM operation: HandshakeAllThreads done
Event: 4.877 Executing VM operation: CollectForMetadataAllocation
Event: 4.886 Executing VM operation: CollectForMetadataAllocation done
Event: 4.896 Executing VM operation: G1Concurrent
Event: 4.898 Executing VM operation: G1Concurrent done
Event: 4.900 Executing VM operation: G1Concurrent
Event: 4.905 Executing VM operation: G1Concurrent done
Event: 5.406 Executing VM operation: HandshakeAllThreads
Event: 5.406 Executing VM operation: HandshakeAllThreads done
Event: 5.407 Executing VM operation: HandshakeAllThreads
Event: 5.407 Executing VM operation: HandshakeAllThreads done

Events (20 events):
Event: 5.500 loading class sun/nio/fs/WindowsPath$1
Event: 5.500 loading class sun/nio/fs/WindowsPath$1 done
Event: 5.501 Thread 0x00000251b582bec0 Thread added: 0x00000251b582bec0
Event: 5.546 loading class sun/security/util/ManifestDigester
Event: 5.547 loading class sun/security/util/ManifestDigester done
Event: 5.547 loading class sun/security/util/ManifestDigester$Position
Event: 5.547 loading class sun/security/util/ManifestDigester$Position done
Event: 5.549 loading class sun/security/util/ManifestDigester$Entry
Event: 5.549 loading class sun/security/util/ManifestDigester$Entry done
Event: 5.549 loading class sun/security/util/ManifestDigester$Section
Event: 5.549 loading class sun/security/util/ManifestDigester$Section done
Event: 5.568 loading class sun/security/pkcs/PKCS7
Event: 5.569 loading class sun/security/pkcs/PKCS7 done
Event: 5.570 loading class sun/security/util/DerInputStream
Event: 5.570 loading class sun/security/util/DerInputStream done
Event: 5.570 loading class sun/security/pkcs/ContentInfo
Event: 5.571 loading class sun/security/pkcs/ContentInfo done
Event: 5.663 loading class sun/security/util/DerValue
Event: 5.663 loading class sun/security/util/DerValue done
Event: 5.663 loading class sun/security/x509/AlgorithmId


Dynamic libraries:
0x00007ff715c60000 - 0x00007ff715c70000 	C:\Program Files\Java\jdk-17\bin\java.exe
0x00007ffd48830000 - 0x00007ffd48a28000 	C:\Windows\SYSTEM32\ntdll.dll
0x00007ffd469f0000 - 0x00007ffd46ab2000 	C:\Windows\System32\KERNEL32.DLL
0x00007ffd45ed0000 - 0x00007ffd461c6000 	C:\Windows\System32\KERNELBASE.dll
0x00007ffd466a0000 - 0x00007ffd467a0000 	C:\Windows\System32\ucrtbase.dll
0x00007ffd43c00000 - 0x00007ffd43c19000 	C:\Program Files\Java\jdk-17\bin\jli.dll
0x00007ffd43c20000 - 0x00007ffd43c3b000 	C:\Program Files\Java\jdk-17\bin\VCRUNTIME140.dll
0x00007ffd46c20000 - 0x00007ffd46cd1000 	C:\Windows\System32\ADVAPI32.dll
0x00007ffd47020000 - 0x00007ffd470be000 	C:\Windows\System32\msvcrt.dll
0x00007ffd47240000 - 0x00007ffd472df000 	C:\Windows\System32\sechost.dll
0x00007ffd46f00000 - 0x00007ffd47020000 	C:\Windows\System32\RPCRT4.dll
0x00007ffd467a0000 - 0x00007ffd467c7000 	C:\Windows\System32\bcrypt.dll
0x00007ffd46d60000 - 0x00007ffd46efd000 	C:\Windows\System32\USER32.dll
0x00007ffd465f0000 - 0x00007ffd46612000 	C:\Windows\System32\win32u.dll
0x00007ffd480f0000 - 0x00007ffd4811b000 	C:\Windows\System32\GDI32.dll
0x00007ffd46480000 - 0x00007ffd46599000 	C:\Windows\System32\gdi32full.dll
0x00007ffd461d0000 - 0x00007ffd4626d000 	C:\Windows\System32\msvcp_win.dll
0x00007ffd45300000 - 0x00007ffd4559b000 	C:\Windows\WinSxS\amd64_microsoft.windows.common-controls_6595b64144ccf1df_6.0.19041.6280_none_60bc30a171f2f3f3\COMCTL32.dll
0x00007ffd3c1b0000 - 0x00007ffd3c1ba000 	C:\Windows\SYSTEM32\VERSION.dll
0x00007ffd46b30000 - 0x00007ffd46b5f000 	C:\Windows\System32\IMM32.DLL
0x00007ffd43cd0000 - 0x00007ffd43cdc000 	C:\Program Files\Java\jdk-17\bin\vcruntime140_1.dll
0x00007ffd1c3f0000 - 0x00007ffd1c47e000 	C:\Program Files\Java\jdk-17\bin\msvcp140.dll
0x00007ffd15620000 - 0x00007ffd16200000 	C:\Program Files\Java\jdk-17\bin\server\jvm.dll
0x00007ffd46b60000 - 0x00007ffd46b68000 	C:\Windows\System32\PSAPI.DLL
0x00007ffd43bf0000 - 0x00007ffd43bf9000 	C:\Windows\SYSTEM32\WSOCK32.dll
0x00007ffd3c180000 - 0x00007ffd3c1a7000 	C:\Windows\SYSTEM32\WINMM.dll
0x00007ffd47ff0000 - 0x00007ffd4805b000 	C:\Windows\System32\WS2_32.dll
0x00007ffd42f40000 - 0x00007ffd42f52000 	C:\Windows\SYSTEM32\kernel.appcore.dll
0x00007ffd43050000 - 0x00007ffd4305a000 	C:\Program Files\Java\jdk-17\bin\jimage.dll
0x00007ffd457b0000 - 0x00007ffd459b1000 	C:\Windows\SYSTEM32\DBGHELP.DLL
0x00007ffd45770000 - 0x00007ffd457a4000 	C:\Windows\SYSTEM32\dbgcore.DLL
0x00007ffd467d0000 - 0x00007ffd46852000 	C:\Windows\System32\bcryptPrimitives.dll
0x00007ffd425a0000 - 0x00007ffd425ae000 	C:\Program Files\Java\jdk-17\bin\instrument.dll
0x00007ffd42490000 - 0x00007ffd424b5000 	C:\Program Files\Java\jdk-17\bin\java.dll
0x00007ffd1aba0000 - 0x00007ffd1ac77000 	C:\Program Files\Java\jdk-17\bin\jsvml.dll
0x00007ffd47730000 - 0x00007ffd47ea0000 	C:\Windows\System32\SHELL32.dll
0x00007ffd43200000 - 0x00007ffd439a5000 	C:\Windows\SYSTEM32\windows.storage.dll
0x00007ffd472e0000 - 0x00007ffd47633000 	C:\Windows\System32\combase.dll
0x00007ffd45090000 - 0x00007ffd450bb000 	C:\Windows\SYSTEM32\Wldp.dll
0x00007ffd47ea0000 - 0x00007ffd47f6d000 	C:\Windows\System32\OLEAUT32.dll
0x00007ffd48740000 - 0x00007ffd487ed000 	C:\Windows\System32\SHCORE.dll
0x00007ffd46ad0000 - 0x00007ffd46b2b000 	C:\Windows\System32\shlwapi.dll
0x00007ffd45e00000 - 0x00007ffd45e24000 	C:\Windows\SYSTEM32\profapi.dll
0x00007ffd2c700000 - 0x00007ffd2c718000 	C:\Program Files\Java\jdk-17\bin\zip.dll
0x00007ffd29ac0000 - 0x00007ffd29ad9000 	C:\Program Files\Java\jdk-17\bin\net.dll
0x00007ffd3f5f0000 - 0x00007ffd3f6fa000 	C:\Windows\SYSTEM32\WINHTTP.dll
0x00007ffd44e70000 - 0x00007ffd44eda000 	C:\Windows\system32\mswsock.dll
0x00007ffd29a60000 - 0x00007ffd29a76000 	C:\Program Files\Java\jdk-17\bin\nio.dll
0x00007ffd42590000 - 0x00007ffd425a0000 	C:\Program Files\Java\jdk-17\bin\verify.dll
0x00007ffd43ce0000 - 0x00007ffd43d07000 	C:\Users\Hamza tabani\.gradle\native\1def1411415f61bf3af743bc5b6707747c0891f09f0c88961ee8f79bc544acac\windows-amd64\native-platform.dll
0x00007ffd1ab20000 - 0x00007ffd1ab98000 	C:\Users\Hamza tabani\.gradle\native\0.2.7\x86_64-windows-gnu\gradle-fileevents.dll
0x00007ffd42480000 - 0x00007ffd4248a000 	C:\Program Files\Java\jdk-17\bin\management.dll
0x00007ffd422d0000 - 0x00007ffd422db000 	C:\Program Files\Java\jdk-17\bin\management_ext.dll
0x00007ffd44b70000 - 0x00007ffd44bab000 	C:\Windows\SYSTEM32\IPHLPAPI.DLL
0x00007ffd46ac0000 - 0x00007ffd46ac8000 	C:\Windows\System32\NSI.dll
0x00007ffd3fd20000 - 0x00007ffd3fd37000 	C:\Windows\SYSTEM32\dhcpcsvc6.DLL
0x00007ffd3fd00000 - 0x00007ffd3fd1d000 	C:\Windows\SYSTEM32\dhcpcsvc.DLL
0x00007ffd44bb0000 - 0x00007ffd44c7a000 	C:\Windows\SYSTEM32\DNSAPI.dll
0x00007ffd45b70000 - 0x00007ffd45b88000 	C:\Windows\SYSTEM32\CRYPTSP.dll
0x00007ffd44810000 - 0x00007ffd44848000 	C:\Windows\system32\rsaenh.dll
0x00007ffd45dc0000 - 0x00007ffd45dee000 	C:\Windows\SYSTEM32\USERENV.dll
0x00007ffd45000000 - 0x00007ffd4500c000 	C:\Windows\SYSTEM32\CRYPTBASE.dll
0x00007ffd405a0000 - 0x00007ffd405ae000 	C:\Program Files\Java\jdk-17\bin\sunmscapi.dll
0x00007ffd46270000 - 0x00007ffd463cd000 	C:\Windows\System32\CRYPT32.dll
0x00007ffd451e0000 - 0x00007ffd45207000 	C:\Windows\SYSTEM32\ncrypt.dll
0x00007ffd451a0000 - 0x00007ffd451db000 	C:\Windows\SYSTEM32\NTASN1.dll
0x00007ffcc5780000 - 0x00007ffcc5787000 	C:\Windows\system32\wshunix.dll

dbghelp: loaded successfully - version: 4.0.5 - missing functions: none
symbol engine: initialized successfully - sym options: 0x614 - pdb path: .;C:\Program Files\Java\jdk-17\bin;C:\Windows\SYSTEM32;C:\Windows\WinSxS\amd64_microsoft.windows.common-controls_6595b64144ccf1df_6.0.19041.6280_none_60bc30a171f2f3f3;C:\Program Files\Java\jdk-17\bin\server;C:\Users\Hamza tabani\.gradle\native\1def1411415f61bf3af743bc5b6707747c0891f09f0c88961ee8f79bc544acac\windows-amd64;C:\Users\Hamza tabani\.gradle\native\0.2.7\x86_64-windows-gnu

VM Arguments:
jvm_args: --add-opens=java.base/java.lang=ALL-UNNAMED --add-opens=java.base/java.lang.invoke=ALL-UNNAMED --add-opens=java.base/java.util=ALL-UNNAMED --add-opens=java.prefs/java.util.prefs=ALL-UNNAMED --add-exports=jdk.compiler/com.sun.tools.javac.api=ALL-UNNAMED --add-exports=jdk.compiler/com.sun.tools.javac.util=ALL-UNNAMED --add-opens=java.base/java.util=ALL-UNNAMED --add-opens=java.prefs/java.util.prefs=ALL-UNNAMED --add-opens=java.base/java.nio.charset=ALL-UNNAMED --add-opens=java.base/java.net=ALL-UNNAMED --add-opens=java.base/java.util.concurrent.atomic=ALL-UNNAMED --add-opens=java.xml/javax.xml.namespace=ALL-UNNAMED -XX:MaxMetaspaceSize=512m -Xmx2048m -Dfile.encoding=UTF-8 -Duser.country=US -Duser.language=en -Duser.variant -javaagent:C:\Users\Hamza tabani\.gradle\wrapper\dists\gradle-8.14.3-bin\cv11ve7ro1n3o1j4so8xd9n66\gradle-8.14.3\lib\agents\gradle-instrumentation-agent-8.14.3.jar 
java_command: org.gradle.launcher.daemon.bootstrap.GradleDaemon 8.14.3
java_class_path (initial): C:\Users\Hamza tabani\.gradle\wrapper\dists\gradle-8.14.3-bin\cv11ve7ro1n3o1j4so8xd9n66\gradle-8.14.3\lib\gradle-daemon-main-8.14.3.jar
Launcher Type: SUN_STANDARD

[Global flags]
     intx CICompilerCount                          = 4                                         {product} {ergonomic}
   size_t CompressedClassSpaceSize                 = 436207616                                 {product} {ergonomic}
     uint ConcGCThreads                            = 2                                         {product} {ergonomic}
     uint G1ConcRefinementThreads                  = 8                                         {product} {ergonomic}
   size_t G1HeapRegionSize                         = 1048576                                   {product} {ergonomic}
    uintx GCDrainStackTargetSize                   = 64                                        {product} {ergonomic}
   size_t InitialHeapSize                          = 268435456                                 {product} {ergonomic}
   size_t MarkStackSize                            = 4194304                                   {product} {ergonomic}
   size_t MaxHeapSize                              = 2147483648                                {product} {command line}
   size_t MaxMetaspaceSize                         = 536870912                                 {product} {command line}
   size_t MaxNewSize                               = 1287651328                                {product} {ergonomic}
   size_t MinHeapDeltaBytes                        = 1048576                                   {product} {ergonomic}
   size_t MinHeapSize                              = 8388608                                   {product} {ergonomic}
    uintx NonNMethodCodeHeapSize                   = 5839372                                {pd product} {ergonomic}
    uintx NonProfiledCodeHeapSize                  = 122909434                              {pd product} {ergonomic}
    uintx ProfiledCodeHeapSize                     = 122909434                              {pd product} {ergonomic}
    uintx ReservedCodeCacheSize                    = 251658240                              {pd product} {ergonomic}
     bool SegmentedCodeCache                       = true                                      {product} {ergonomic}
   size_t SoftMaxHeapSize                          = 2147483648                             {manageable} {ergonomic}
     bool UseCompressedClassPointers               = true                           {product lp64_product} {ergonomic}
     bool UseCompressedOops                        = true                           {product lp64_product} {ergonomic}
     bool UseG1GC                                  = true                                      {product} {ergonomic}
     bool UseLargePagesIndividualAllocation        = false                                  {pd product} {ergonomic}

Logging:
Log output configuration:
 #0: stdout all=warning uptime,level,tags
 #1: stderr all=off uptime,level,tags

Environment Variables:
JAVA_HOME=C:\Program Files\Java\jdk-17
PATH=C:\Program Files\Common Files\Oracle\Java\javapath;C:\Windows\system32;C:\Windows;C:\Windows\System32\Wbem;C:\Windows\System32\WindowsPowerShell\v1.0\;C:\Windows\System32\OpenSSH\;C:\ProgramData\chocolatey\bin;C:\Program Files\nodejs\;C:\Users\Hamza tabani\AppData\Local\Android\Sdk\platform-tools;C:\Program Files\OpenJDK\jdk-20.0.2\bin;C:\Program Files (x86)\ATI Technologies\ATI.ACE\Core-Static;C:\Program Files\MongoDB\mongosh-2.3.1-win32-x64\bin;C:\Program Files\dotnet\;C:\Program Files\Microsoft SQL Server\150\Tools\Binn\;C:\Program Files\Microsoft SQL Server\Client SDK\ODBC\170\Tools\Binn\;C:\Users\Hamza tabani\AppData\Local\Android\Sdk\tools;C:\Users\Hamza tabani\AppData\Local\Microsoft\WindowsApps;C:\Users\Hamza tabani\AppData\Local\Programs\Git\cmd;C:\Users\Hamza tabani\AppData\Roaming\npm;C:\Users\Hamza tabani\AppData\Local\Programs\Microsoft VS Code\bin
USERNAME=Hamza tabani
OS=Windows_NT
PROCESSOR_IDENTIFIER=Intel64 Family 6 Model 60 Stepping 3, GenuineIntel



---------------  S Y S T E M  ---------------

OS:
 Windows 10 , 64 bit Build 19041 (10.0.19041.5915)
OS uptime: 3 days 2:14 hours
Hyper-V role detected

CPU: total 8 (initial active 8) (4 cores per cpu, 2 threads per core) family 6 model 60 stepping 3 microcode 0x27, cx8, cmov, fxsr, ht, mmx, sse, sse2, sse3, ssse3, sse4.1, sse4.2, popcnt, lzcnt, tsc, tscinvbit, avx, avx2, erms, clmul, bmi1, bmi2, fma, vzeroupper, clflush, hv

Memory: 4k page, system-wide physical 16321M (3065M free)
TotalPageFile size 27585M (AvailPageFile size 11783M)
current process WorkingSet (physical memory assigned to process): 1017M, peak: 1023M
current process commit charge ("private bytes"): 1101M, peak: 1107M

vm_info: Java HotSpot(TM) 64-Bit Server VM (17.0.12+8-LTS-286) for windows-amd64 JRE (17.0.12+8-LTS-286), built on Jun  5 2024 06:46:59 by "mach5one" with MS VC++ 17.6 (VS2022)

END.
